INFO:root:Player: 3 has requested a match 
INFO:root:Player: 10 is entering the match 
INFO:root:Player: 10 is entering the match 
INFO:root:Player: 9 has requested a match 
INFO:root:Player: 10 is entering the match 
INFO:root:Player: 10 is entering the match 
INFO:root:Player: 7 has requested a match 
INFO:root:Player: 10 is entering the match 
INFO:root:Player: 10 is entering the match 
INFO:root:Player: 0 has requested a match 
INFO:root:Player: 10 is entering the match 
INFO:root:Player: 8 is entering the match 
INFO:root:Player: 1 has requested a match 
INFO:root:Player: 10 is entering the match 
INFO:root:Player: 10 is entering the match 
INFO:root:Player: 8 has requested a match 
INFO:root:Player: 10 is entering the match 
INFO:root:Player: 10 is entering the match 
INFO:root:Player: 7 has requested a match 
INFO:root:Player: 10 is entering the match 
INFO:root:Player: 10 is entering the match 
INFO:root:Player: 4 has requested a match 
INFO:root:Player: 10 is entering the match 
INFO:root:Player: 10 is entering the match 
INFO:root:Player: 6 has requested a match 
INFO:root:Player: 10 is entering the match 
INFO:root:Player: 10 is entering the match 
INFO:root:Player: 2 has requested a match 
INFO:root:Player: 10 is entering the match 
INFO:root:Player: 10 is entering the match 
INFO:root:Player: 7 has requested a match 
INFO:root:Player: 10 is entering the match 
INFO:root:Player: 8 is entering the match 
INFO:root:Player: 9 has requested a match 
INFO:root:Player: 10 is entering the match 
INFO:root:Player: 10 is entering the match 
INFO:root:Player: 2 has requested a match 
INFO:root:Player: 10 is entering the match 
INFO:root:Player: 10 is entering the match 
INFO:root:Player: 7 has requested a match 
INFO:root:Player: 10 is entering the match 
INFO:root:Player: 10 is entering the match 
INFO:root:Player: 7 has requested a match 
INFO:root:Player: 10 is entering the match 
INFO:root:Player: 9 has requested a match 
INFO:root:Player: 9 has requested a match 
INFO:root:Player: 10 is entering the match
INFO:root:Player: 4 has requested a match 
INFO:root:Player: 10 is entering the match 
INFO:root:Player: 10 is entering the match
INFO:root:Player: 7 has requested a match
INFO:root:Player: 6 is entering the match 
INFO:root:Player: 10 is entering the match 
INFO:root:Player: 9 has requested a match
INFO:root:Player: 10 is entering the match 
INFO:root:Player: 10 is entering the match 
INFO:root:Player: 10 has requested a match 
INFO:root:Player: 10 is entering the match 
INFO:root:Player: 10 is entering the match 
INFO:root:Player: 4 has requested a match 
INFO:root:Player: 10 is entering the match 
INFO:root:Player: 10 is entering the match 
INFO:root:Player: 6 has requested a match 
INFO:root:Player: 10 is entering the match
INFO:root:Player: 10 is entering the match 
INFO:root:Player: 9 has requested a match 
INFO:root:Player: 10 is entering the match
INFO:root:Player: 10 is entering the match
INFO:root:Player: 8 has requested a match 
INFO:root:Player: 10 is entering the match 
INFO:root:Player: 10 is entering the match 
INFO:root:Player: 7 has requested a match 
INFO:root:Player: 10 is entering the match
INFO:root:Player: 10 is entering the match 
INFO:root:Player: 4 has requested a match 
INFO:root:Player: 10 is entering the match 
INFO:root:Player: 10 is entering the match 
INFO:root:Player: 9 has requested a match 
INFO:root:Player: 10 is entering the match
INFO:root:Player: 10 is entering the match
INFO:root:Player: 8 has requested a match 
INFO:root:Player: 10 is entering the match 
INFO:root:Player: 2 has requested a match 
INFO:root:Player: 10 is entering the match 
INFO:root:Player: 10 is entering the match 
INFO:root:Player: 9 has requested a match 
INFO:root:Player: 10 is entering the match 
INFO:root:Player: 10 is entering the match 
INFO:root:Player: 3 has requested a match 
INFO:root:Player: 10 is entering the match 
INFO:root:Player: 10 is entering the match 
INFO:root:Player: 8 has requested a match 
INFO:root:Player: 9 has requested a match 
INFO:root:Player: 2 has requested a match 
INFO:root:Player: 10 is entering the match 
INFO:root:Player: 10 is entering the match 
INFO:root:Player: 9 has requested a match 
INFO:root:Player: 1 has requested a match 
INFO:root:Player: 5 has requested a match 
INFO:root:Player: 10 is entering the match 
INFO:root:Player: 10 is entering the match 
INFO:root:Player: 5 has requested a match 
INFO:root:Player: 10 is entering the match 
INFO:root:Player: 10 is entering the match 
INFO:root:Player: 5 has requested a match 
INFO:root:Player: 10 is entering the match 
INFO:root:Player: 4 has requested a match 
INFO:root:Player: 10 is entering the match 
INFO:root:Player: 10 is entering the match 
INFO:root:Player: 9 has requested a match 
INFO:root:Player: 6 has requested a match 
INFO:root:Player: 10 is entering the match 
INFO:root:Player: 10 is entering the match 
INFO:root:Player: 6 has requested a match 
INFO:root:Player: 10 is entering the match 
INFO:root:Player: 10 is entering the match 
INFO:root:Player: 3 has requested a match 
INFO:root:Player: 10 is entering the match 
INFO:root:Player: 10 is entering the match 
INFO:root:Player: 8 has requested a match 
INFO:root:Player: 10 is entering the match 
INFO:root:Player: 10 is entering the match 
INFO:root:Player: 10 has requested a match
INFO:root:Player: 10 is entering the match 
INFO:root:Player: 10 is entering the match 
INFO:root:Player: 10 has requested a match
INFO:root:Player: 10 is entering the match 
INFO:root:Player: 10 is entering the match 
INFO:root:Player: 4 has requested a match 
INFO:root:Player: 10 is entering the match 
INFO:root:Player: 10 is entering the match 
INFO:root:Player: 5 has requested a match 
INFO:root:Player: 8 has requested a match 
INFO:root:Player: 10 is entering the match 
INFO:root:Player: 10 is entering the match 
INFO:root:Player: 7 has requested a match 
INFO:root:Player: 10 is entering the match 
INFO:root:Player: 10 is entering the match 
INFO:root:Player: 9 has requested a match 
INFO:root:Player: 10 is entering the match 
INFO:root:Player: 10 is entering the match 
INFO:root:Player: 2 has requested a match 
INFO:root:Player: 10 is entering the match 
INFO:root:Player: 10 is entering the match 
INFO:root:Player: 2 has requested a match 
INFO:root:Player: 10 is entering the match 
INFO:root:Player: 10 is entering the match 
INFO:root:Player: 10 has requested a match
INFO:root:Player: 10 is entering the match 
INFO:root:Player: 10 is entering the match 
INFO:root:Player: 4 has requested a match 
INFO:root:Player: 10 is entering the match 
INFO:root:Player: 10 is entering the match 
INFO:root:Player: 10 has requested a match
INFO:root:Player: 10 is entering the match 
INFO:root:Player: 10 is entering the match 
INFO:root:Player: 2 has requested a match 
INFO:root:Player: 10 is entering the match 
INFO:root:Player: 4 has requested a match 
INFO:root:Player: 10 is entering the match 
INFO:root:Player: 10 is entering the match 
INFO:root:Player: 5 has requested a match 
INFO:root:Player: 10 is entering the match 
INFO:root:Player: 10 is entering the match 
INFO:root:Player: 1 has requested a match 
INFO:root:Player: 10 is entering the match 
INFO:root:Player: 10 is entering the match 
INFO:root:Player: 10 has requested a match
INFO:root:Player: 10 is entering the match 
INFO:root:Player: 10 is entering the match 
INFO:root:Player: 9 has requested a match 
INFO:root:Player: 10 is entering the match 
INFO:root:Player: 1 has requested a match 
INFO:root:Player: 10 is entering the match 
INFO:root:Player: 10 is entering the match 
INFO:root:Player: 2 has requested a match 
INFO:root:Player: 10 is entering the match 
INFO:root:Player: 10 is entering the match 
INFO:root:Player: 4 has requested a match 
INFO:root:Player: 10 is entering the match 
INFO:root:Player: 10 is entering the match 
INFO:root:Player: 10 has requested a match
INFO:root:Player: 10 is entering the match 
INFO:root:Player: 10 is entering the match 
INFO:root:Player: 10 has requested a match
INFO:root:Player: 10 is entering the match 
INFO:root:Player: 10 is entering the match 
INFO:root:Player: 4 has requested a match 
INFO:root:Player: 10 is entering the match 
INFO:root:Player: 10 is entering the match 
INFO:root:Player: 8 has requested a match 
INFO:root:Player: 10 is entering the match 
INFO:root:Player: 10 is entering the match 
INFO:root:Player: 5 has requested a match 
INFO:root:Player: 10 is entering the match 
INFO:root:Player: 10 is entering the match 
INFO:root:Player: 6 has requested a match 
INFO:root:Player: 10 is entering the match 
INFO:root:Player: 10 is entering the match 
INFO:root:Player: 6 has requested a match 
INFO:root:Player: 10 is entering the match 
INFO:root:Player: 10 is entering the match 
INFO:root:Player: 4 has requested a match 
INFO:root:Player: 10 is entering the match 
INFO:root:Player: 10 is entering the match 
INFO:root:Player: 10 has requested a matc
INFO:root:Player: 10 is entering the match 
INFO:root:Player: 10 is entering the match 
INFO:root:Player: 1 has requested a match 
INFO:root:Player: 10 is entering the match 
INFO:root:Player: 2 has requested a match 
INFO:root:Player: 10 is entering the match 
INFO:root:Player: 10 is entering the match 
INFO:root:Player: 9 has requested a match 
INFO:root:Player: 10 is entering the match 
INFO:root:Player: 9 has requested a match 
INFO:root:Player: 10 is entering the match 
INFO:root:Player: 10 is entering the match 
